C:\Program Files\Microsoft Visual Studio\2022\Community\MSBuild\Microsoft\VC\v170\Microsoft.CppBuild.targets(531,5): warning MSB8028: The intermediate directory (C:\University_offline\ENG4701\Repo\LabradorENG4701\Labrador_Imgui\Debug\) contains files shared from another project (example_glfw_opengl3.vcxproj).  This can lead to incorrect clean and rebuild behavior.
  main.cpp
C:\University_offline\ENG4701\Repo\LabradorENG4701\Labrador_Imgui\src\AppBase.hpp(54,12): warning C4996: 'fopen': This function or variable may be unsafe. Consider using fopen_s instead. To disable deprecation, use _CRT_SECURE_NO_WARNINGS. See online help for details.
  (compiling source file 'src/main.cpp')
  
C:\University_offline\ENG4701\Repo\LabradorENG4701\Librador_API\___librador\librador_shared_library\librador_global.h(7,1): warning C4067: unexpected tokens following preprocessor directive - expected a newline
  (compiling source file 'src/main.cpp')
  
C:\University_offline\ENG4701\Repo\LabradorENG4701\Labrador_Imgui\src\util.h(20,39): warning C4305: 'initializing': truncation from 'double' to 'const float'
  (compiling source file 'src/main.cpp')
  
C:\University_offline\ENG4701\Repo\LabradorENG4701\Labrador_Imgui\src\util.h(20,50): warning C4305: 'initializing': truncation from 'double' to 'const float'
  (compiling source file 'src/main.cpp')
  
C:\University_offline\ENG4701\Repo\LabradorENG4701\Labrador_Imgui\src\util.h(20,62): warning C4305: 'initializing': truncation from 'double' to 'const float'
  (compiling source file 'src/main.cpp')
  
C:\University_offline\ENG4701\Repo\LabradorENG4701\Labrador_Imgui\src\util.h(21,40): warning C4305: 'initializing': truncation from 'double' to 'const float'
  (compiling source file 'src/main.cpp')
  
C:\University_offline\ENG4701\Repo\LabradorENG4701\Labrador_Imgui\src\util.h(21,52): warning C4305: 'initializing': truncation from 'double' to 'const float'
  (compiling source file 'src/main.cpp')
  
C:\University_offline\ENG4701\Repo\LabradorENG4701\Labrador_Imgui\src\util.h(21,62): warning C4305: 'initializing': truncation from 'double' to 'const float'
  (compiling source file 'src/main.cpp')
  
C:\University_offline\ENG4701\Repo\LabradorENG4701\Labrador_Imgui\src\util.h(22,40): warning C4305: 'initializing': truncation from 'double' to 'const float'
  (compiling source file 'src/main.cpp')
  
C:\University_offline\ENG4701\Repo\LabradorENG4701\Labrador_Imgui\src\util.h(22,51): warning C4305: 'initializing': truncation from 'double' to 'const float'
  (compiling source file 'src/main.cpp')
  
C:\University_offline\ENG4701\Repo\LabradorENG4701\Labrador_Imgui\src\util.h(22,62): warning C4305: 'initializing': truncation from 'double' to 'const float'
  (compiling source file 'src/main.cpp')
  
C:\University_offline\ENG4701\Repo\LabradorENG4701\Labrador_Imgui\src\util.h(23,47): warning C4305: 'argument': truncation from 'double' to 'float'
  (compiling source file 'src/main.cpp')
  
C:\University_offline\ENG4701\Repo\LabradorENG4701\Labrador_Imgui\src\util.h(23,42): warning C4305: 'argument': truncation from 'double' to 'float'
  (compiling source file 'src/main.cpp')
  
C:\University_offline\ENG4701\Repo\LabradorENG4701\Labrador_Imgui\src\util.h(23,37): warning C4305: 'argument': truncation from 'double' to 'float'
  (compiling source file 'src/main.cpp')
  
C:\University_offline\ENG4701\Repo\LabradorENG4701\Labrador_Imgui\src\util.h(25,41): warning C4305: 'initializing': truncation from 'double' to 'const float'
  (compiling source file 'src/main.cpp')
  
C:\University_offline\ENG4701\Repo\LabradorENG4701\Labrador_Imgui\src\util.h(25,53): warning C4305: 'initializing': truncation from 'double' to 'const float'
  (compiling source file 'src/main.cpp')
  
C:\University_offline\ENG4701\Repo\LabradorENG4701\Labrador_Imgui\src\util.h(25,63): warning C4305: 'initializing': truncation from 'double' to 'const float'
  (compiling source file 'src/main.cpp')
  
C:\University_offline\ENG4701\Repo\LabradorENG4701\Labrador_Imgui\src\util.h(26,53): warning C4305: 'initializing': truncation from 'double' to 'const float'
  (compiling source file 'src/main.cpp')
  
C:\University_offline\ENG4701\Repo\LabradorENG4701\Labrador_Imgui\src\util.h(26,65): warning C4305: 'initializing': truncation from 'double' to 'const float'
  (compiling source file 'src/main.cpp')
  
C:\University_offline\ENG4701\Repo\LabradorENG4701\Labrador_Imgui\src\util.h(27,40): warning C4305: 'initializing': truncation from 'double' to 'const float'
  (compiling source file 'src/main.cpp')
  
C:\University_offline\ENG4701\Repo\LabradorENG4701\Labrador_Imgui\src\util.h(27,52): warning C4305: 'initializing': truncation from 'double' to 'const float'
  (compiling source file 'src/main.cpp')
  
C:\University_offline\ENG4701\Repo\LabradorENG4701\Labrador_Imgui\src\util.h(27,64): warning C4305: 'initializing': truncation from 'double' to 'const float'
  (compiling source file 'src/main.cpp')
  
C:\University_offline\ENG4701\Repo\LabradorENG4701\Labrador_Imgui\src\ControlWidget.hpp(175,62): warning C4244: 'argument': conversion from 'int' to 'float', possible loss of data
  (compiling source file 'src/main.cpp')
  
C:\University_offline\ENG4701\Repo\LabradorENG4701\Labrador_Imgui\src\ControlWidget.hpp(175,48): warning C4244: 'argument': conversion from 'int' to 'float', possible loss of data
  (compiling source file 'src/main.cpp')
  
C:\University_offline\ENG4701\Repo\LabradorENG4701\Labrador_Imgui\src\UIComponents.hpp(30,12): warning C4305: '=': truncation from 'double' to 'float'
  (compiling source file 'src/main.cpp')
  
C:\University_offline\ENG4701\Repo\LabradorENG4701\Labrador_Imgui\src\UIComponents.hpp(50,9): warning C4189: 'right_offset_x': local variable is initialized but not referenced
  (compiling source file 'src/main.cpp')
  
C:\University_offline\ENG4701\Repo\LabradorENG4701\Labrador_Imgui\src\UIComponents.hpp(80,16): warning C4244: 'initializing': conversion from 'double' to 'float', possible loss of data
  (compiling source file 'src/main.cpp')
  
C:\University_offline\ENG4701\Repo\LabradorENG4701\Labrador_Imgui\src\UIComponents.hpp(134,39): warning C4305: 'argument': truncation from 'double' to 'float'
  (compiling source file 'src/main.cpp')
  
C:\University_offline\ENG4701\Repo\LabradorENG4701\Labrador_Imgui\src\UIComponents.hpp(115,49): warning C4100: 'size': unreferenced formal parameter
  (compiling source file 'src/main.cpp')
  
C:\University_offline\ENG4701\Repo\LabradorENG4701\Labrador_Imgui\src\UIComponents.hpp(152,1): warning C4634: XML document comment: cannot be applied:  Discarding XML document comment for invalid target. 
  (compiling source file 'src/main.cpp')
  
C:\University_offline\ENG4701\Repo\LabradorENG4701\Labrador_Imgui\src\UIComponents.hpp(258,83): warning C4244: 'argument': conversion from 'double' to 'float', possible loss of data
  (compiling source file 'src/main.cpp')
  
C:\University_offline\ENG4701\Repo\LabradorENG4701\Labrador_Imgui\src\UIComponents.hpp(307,41): warning C4305: 'return': truncation from 'double' to 'float'
  (compiling source file 'src/main.cpp')
  
C:\University_offline\ENG4701\Repo\LabradorENG4701\Labrador_Imgui\src\OSCControl.hpp(24,27): warning C4305: 'initializing': truncation from 'double' to 'float'
  (compiling source file 'src/main.cpp')
  
C:\University_offline\ENG4701\Repo\LabradorENG4701\Labrador_Imgui\src\SignalType.hpp(39,64): warning C4244: 'argument': conversion from 'double' to 'float', possible loss of data
  (compiling source file 'src/main.cpp')
  
C:\University_offline\ENG4701\Repo\LabradorENG4701\Labrador_Imgui\src\SignalType.hpp(49,68): warning C4244: 'argument': conversion from 'double' to 'float', possible loss of data
  (compiling source file 'src/main.cpp')
  
C:\University_offline\ENG4701\Repo\LabradorENG4701\Labrador_Imgui\src\SignalType.hpp(91,56): warning C4244: 'initializing': conversion from 'double' to 'float', possible loss of data
  (compiling source file 'src/main.cpp')
  
C:\University_offline\ENG4701\Repo\LabradorENG4701\Labrador_Imgui\src\SignalType.hpp(91,21): warning C4244: 'initializing': conversion from 'double' to 'const float', possible loss of data
  (compiling source file 'src/main.cpp')
  
C:\University_offline\ENG4701\Repo\LabradorENG4701\Labrador_Imgui\src\SignalType.hpp(266,19): warning C4244: 'initializing': conversion from 'double' to 'int', possible loss of data
  (compiling source file 'src/main.cpp')
  
C:\University_offline\ENG4701\Repo\LabradorENG4701\Labrador_Imgui\src\SGControl.hpp(35,4): warning C5205: delete of an abstract class 'GenericSignal' that has a non-virtual destructor results in undefined behavior
  (compiling source file 'src/main.cpp')
  C:\University_offline\ENG4701\Repo\LabradorENG4701\Labrador_Imgui\src\SignalType.hpp(10,7):
  see declaration of 'GenericSignal'
  
C:\University_offline\ENG4701\Repo\LabradorENG4701\Labrador_Imgui\src\OscData.hpp(45,11): warning C4458: declaration of 'time_step' hides class member
  (compiling source file 'src/main.cpp')
  C:\University_offline\ENG4701\Repo\LabradorENG4701\Labrador_Imgui\src\OscData.hpp(357,9):
  see declaration of 'OscData::time_step'
  
C:\University_offline\ENG4701\Repo\LabradorENG4701\Labrador_Imgui\src\OscData.hpp(89,47): warning C4244: 'argument': conversion from 'double' to 'const __int64', possible loss of data
  (compiling source file 'src/main.cpp')
  
C:\University_offline\ENG4701\Repo\LabradorENG4701\Labrador_Imgui\src\OscData.hpp(90,63): warning C4244: 'argument': conversion from 'double' to 'const __int64', possible loss of data
  (compiling source file 'src/main.cpp')
  
C:\University_offline\ENG4701\Repo\LabradorENG4701\Labrador_Imgui\src\OscData.hpp(96,46): warning C4244: 'argument': conversion from 'double' to 'const __int64', possible loss of data
  (compiling source file 'src/main.cpp')
  
C:\University_offline\ENG4701\Repo\LabradorENG4701\Labrador_Imgui\src\OscData.hpp(101,11): warning C4458: declaration of 'time_step' hides class member
  (compiling source file 'src/main.cpp')
  C:\University_offline\ENG4701\Repo\LabradorENG4701\Labrador_Imgui\src\OscData.hpp(357,9):
  see declaration of 'OscData::time_step'
  
C:\University_offline\ENG4701\Repo\LabradorENG4701\Labrador_Imgui\src\OscData.hpp(113,22): warning C4458: declaration of 'time_window' hides class member
  (compiling source file 'src/main.cpp')
  C:\University_offline\ENG4701\Repo\LabradorENG4701\Labrador_Imgui\src\OscData.hpp(355,9):
  see declaration of 'OscData::time_window'
  
C:\University_offline\ENG4701\Repo\LabradorENG4701\Labrador_Imgui\src\OscData.hpp(113,41): warning C4458: declaration of 'time_start' hides class member
  (compiling source file 'src/main.cpp')
  C:\University_offline\ENG4701\Repo\LabradorENG4701\Labrador_Imgui\src\OscData.hpp(356,9):
  see declaration of 'OscData::time_start'
  
C:\University_offline\ENG4701\Repo\LabradorENG4701\Labrador_Imgui\src\OscData.hpp(122,10): warning C4458: declaration of 'time_step' hides class member
  (compiling source file 'src/main.cpp')
  C:\University_offline\ENG4701\Repo\LabradorENG4701\Labrador_Imgui\src\OscData.hpp(357,9):
  see declaration of 'OscData::time_step'
  
C:\University_offline\ENG4701\Repo\LabradorENG4701\Labrador_Imgui\src\OscData.hpp(123,23): warning C4458: declaration of 'time' hides class member
  (compiling source file 'src/main.cpp')
  C:\University_offline\ENG4701\Repo\LabradorENG4701\Labrador_Imgui\src\OscData.hpp(358,22):
  see declaration of 'OscData::time'
  
C:\University_offline\ENG4701\Repo\LabradorENG4701\Labrador_Imgui\src\OscData.hpp(145,17): warning C4244: 'initializing': conversion from 'double' to 'int', possible loss of data
  (compiling source file 'src/main.cpp')
  
C:\University_offline\ENG4701\Repo\LabradorENG4701\Labrador_Imgui\src\OscData.hpp(165,17): warning C4244: 'initializing': conversion from 'double' to 'int', possible loss of data
  (compiling source file 'src/main.cpp')
  
C:\University_offline\ENG4701\Repo\LabradorENG4701\Labrador_Imgui\src\OscData.hpp(194,29): warning C4458: declaration of 'trigger_time' hides class member
  (compiling source file 'src/main.cpp')
  C:\University_offline\ENG4701\Repo\LabradorENG4701\Labrador_Imgui\src\OscData.hpp(365,9):
  see declaration of 'OscData::trigger_time'
  
C:\University_offline\ENG4701\Repo\LabradorENG4701\Labrador_Imgui\src\OscData.hpp(201,32): warning C4458: declaration of 'trigger_timeout' hides class member
  (compiling source file 'src/main.cpp')
  C:\University_offline\ENG4701\Repo\LabradorENG4701\Labrador_Imgui\src\OscData.hpp(364,9):
  see declaration of 'OscData::trigger_timeout'
  
C:\University_offline\ENG4701\Repo\LabradorENG4701\Labrador_Imgui\src\OscData.hpp(205,22): warning C4458: declaration of 'paused' hides class member
  (compiling source file 'src/main.cpp')
  C:\University_offline\ENG4701\Repo\LabradorENG4701\Labrador_Imgui\src\OscData.hpp(390,7):
  see declaration of 'OscData::paused'
  
C:\University_offline\ENG4701\Repo\LabradorENG4701\Labrador_Imgui\src\OscData.hpp(211,19): warning C4267: 'return': conversion from 'size_t' to 'int', possible loss of data
  (compiling source file 'src/main.cpp')
  
C:\University_offline\ENG4701\Repo\LabradorENG4701\Labrador_Imgui\src\OscData.hpp(247,21): warning C4244: 'initializing': conversion from '__int64' to 'int', possible loss of data
  (compiling source file 'src/main.cpp')
  
C:\University_offline\ENG4701\Repo\LabradorENG4701\Labrador_Imgui\src\OscData.hpp(317,10): warning C4189: 'filter_cutoff': local variable is initialized but not referenced
  (compiling source file 'src/main.cpp')
  
C:\University_offline\ENG4701\Repo\LabradorENG4701\Labrador_Imgui\src\OscData.hpp(424,38): warning C4267: '=': conversion from 'size_t' to 'int', possible loss of data
  (compiling source file 'src/main.cpp')
  
C:\University_offline\ENG4701\Repo\LabradorENG4701\Labrador_Imgui\src\OscData.hpp(439,10): warning C4189: 'ft_sample_im': local variable is initialized but not referenced
  (compiling source file 'src/main.cpp')
  
C:\University_offline\ENG4701\Repo\LabradorENG4701\Labrador_Imgui\src\OscData.hpp(438,10): warning C4189: 'ft_sample_re': local variable is initialized but not referenced
  (compiling source file 'src/main.cpp')
  
C:\University_offline\ENG4701\Repo\LabradorENG4701\Labrador_Imgui\src\OscData.hpp(447,26): warning C4267: 'initializing': conversion from 'size_t' to 'int', possible loss of data
  (compiling source file 'src/main.cpp')
  
C:\University_offline\ENG4701\Repo\LabradorENG4701\Labrador_Imgui\src\PlotWidget.hpp(77,52): warning C4267: 'argument': conversion from 'size_t' to 'int', possible loss of data
  (compiling source file 'src/main.cpp')
  
C:\University_offline\ENG4701\Repo\LabradorENG4701\Labrador_Imgui\src\PlotWidget.hpp(87,52): warning C4267: 'argument': conversion from 'size_t' to 'int', possible loss of data
  (compiling source file 'src/main.cpp')
  
C:\University_offline\ENG4701\Repo\LabradorENG4701\Labrador_Imgui\src\PlotWidget.hpp(158,15): warning C4458: declaration of 'label' hides class member
  (compiling source file 'src/main.cpp')
  C:\University_offline\ENG4701\Repo\LabradorENG4701\Labrador_Imgui\src\PlotWidget.hpp(286,14):
  see declaration of 'PlotWidget::label'
  
C:\University_offline\ENG4701\Repo\LabradorENG4701\Labrador_Imgui\src\PlotWidget.hpp(162,44): warning C4305: 'argument': truncation from 'double' to 'float'
  (compiling source file 'src/main.cpp')
  
C:\University_offline\ENG4701\Repo\LabradorENG4701\Labrador_Imgui\src\PlotWidget.hpp(164,44): warning C4305: 'argument': truncation from 'double' to 'float'
  (compiling source file 'src/main.cpp')
  
C:\University_offline\ENG4701\Repo\LabradorENG4701\Labrador_Imgui\src\PlotWidget.hpp(160,3): warning C4996: 'sprintf': This function or variable may be unsafe. Consider using sprintf_s instead. To disable deprecation, use _CRT_SECURE_NO_WARNINGS. See online help for details.
  (compiling source file 'src/main.cpp')
  
C:\University_offline\ENG4701\Repo\LabradorENG4701\Labrador_Imgui\src\PlotWidget.hpp(209,43): warning C4244: '=': conversion from 'double' to 'float', possible loss of data
  (compiling source file 'src/main.cpp')
  
C:\University_offline\ENG4701\Repo\LabradorENG4701\Labrador_Imgui\src\PlotWidget.hpp(213,43): warning C4244: '=': conversion from 'double' to 'float', possible loss of data
  (compiling source file 'src/main.cpp')
  
C:\University_offline\ENG4701\Repo\LabradorENG4701\Labrador_Imgui\src\PlotWidget.hpp(217,43): warning C4244: '=': conversion from 'double' to 'float', possible loss of data
  (compiling source file 'src/main.cpp')
  
C:\University_offline\ENG4701\Repo\LabradorENG4701\Labrador_Imgui\src\PlotWidget.hpp(221,43): warning C4244: '=': conversion from 'double' to 'float', possible loss of data
  (compiling source file 'src/main.cpp')
  
C:\University_offline\ENG4701\Repo\LabradorENG4701\Labrador_Imgui\src\PlotWidget.hpp(243,11): warning C4456: declaration of 'osc2_max' hides previous local declaration
  (compiling source file 'src/main.cpp')
  C:\University_offline\ENG4701\Repo\LabradorENG4701\Labrador_Imgui\src\PlotWidget.hpp(229,10):
  see declaration of 'osc2_max'
  
C:\University_offline\ENG4701\Repo\LabradorENG4701\Labrador_Imgui\src\PlotWidget.hpp(244,11): warning C4456: declaration of 'osc2_min' hides previous local declaration
  (compiling source file 'src/main.cpp')
  C:\University_offline\ENG4701\Repo\LabradorENG4701\Labrador_Imgui\src\PlotWidget.hpp(230,10):
  see declaration of 'osc2_min'
  
C:\University_offline\ENG4701\Repo\LabradorENG4701\Labrador_Imgui\src\PlotWidget.hpp(255,24): warning C4244: '=': conversion from 'double' to 'int', possible loss of data
  (compiling source file 'src/main.cpp')
  
C:\University_offline\ENG4701\Repo\LabradorENG4701\Labrador_Imgui\src\PlotWidget.hpp(266,24): warning C4244: '=': conversion from 'double' to 'int', possible loss of data
  (compiling source file 'src/main.cpp')
  
C:\University_offline\ENG4701\Repo\LabradorENG4701\Labrador_Imgui\src\PlotWidget.hpp(243,11): warning C4189: 'osc2_max': local variable is initialized but not referenced
  (compiling source file 'src/main.cpp')
  
C:\University_offline\ENG4701\Repo\LabradorENG4701\Labrador_Imgui\src\PlotWidget.hpp(244,11): warning C4189: 'osc2_min': local variable is initialized but not referenced
  (compiling source file 'src/main.cpp')
  
C:\University_offline\ENG4701\Repo\LabradorENG4701\Labrador_Imgui\src\App.hpp(173,53): warning C4244: 'initializing': conversion from 'double' to 'float', possible loss of data
  (compiling source file 'src/main.cpp')
  
C:\University_offline\ENG4701\Repo\LabradorENG4701\Labrador_Imgui\src\App.hpp(173,24): warning C4244: 'initializing': conversion from 'double' to 'const float', possible loss of data
  (compiling source file 'src/main.cpp')
  
C:\University_offline\ENG4701\Repo\LabradorENG4701\Labrador_Imgui\src\App.hpp(197,20): warning C4244: 'initializing': conversion from 'float' to 'int', possible loss of data
  (compiling source file 'src/main.cpp')
  
C:\University_offline\ENG4701\Repo\LabradorENG4701\Labrador_Imgui\src\App.hpp(360,85): warning C4100: 'mods': unreferenced formal parameter
  (compiling source file 'src/main.cpp')
  
C:\University_offline\ENG4701\Repo\LabradorENG4701\Labrador_Imgui\src\App.hpp(360,73): warning C4100: 'action': unreferenced formal parameter
  (compiling source file 'src/main.cpp')
  
C:\University_offline\ENG4701\Repo\LabradorENG4701\Labrador_Imgui\src\App.hpp(360,61): warning C4100: 'button': unreferenced formal parameter
  (compiling source file 'src/main.cpp')
  
C:\University_offline\ENG4701\Repo\LabradorENG4701\Labrador_Imgui\src\App.hpp(360,49): warning C4100: 'window': unreferenced formal parameter
  (compiling source file 'src/main.cpp')
  
C:\University_offline\ENG4701\Repo\LabradorENG4701\Labrador_Imgui\src\App.hpp(370,75): warning C4100: 'ypos': unreferenced formal parameter
  (compiling source file 'src/main.cpp')
  
C:\University_offline\ENG4701\Repo\LabradorENG4701\Labrador_Imgui\src\App.hpp(370,62): warning C4100: 'xpos': unreferenced formal parameter
  (compiling source file 'src/main.cpp')
  
C:\University_offline\ENG4701\Repo\LabradorENG4701\Labrador_Imgui\src\App.hpp(370,47): warning C4100: 'window': unreferenced formal parameter
  (compiling source file 'src/main.cpp')
  
C:\University_offline\ENG4701\Repo\LabradorENG4701\Labrador_Imgui\src\App.hpp(380,89): warning C4100: 'mods': unreferenced formal parameter
  (compiling source file 'src/main.cpp')
  
C:\University_offline\ENG4701\Repo\LabradorENG4701\Labrador_Imgui\src\App.hpp(380,76): warning C4100: 'actions': unreferenced formal parameter
  (compiling source file 'src/main.cpp')
  
C:\University_offline\ENG4701\Repo\LabradorENG4701\Labrador_Imgui\src\App.hpp(380,62): warning C4100: 'scancode': unreferenced formal parameter
  (compiling source file 'src/main.cpp')
  
C:\University_offline\ENG4701\Repo\LabradorENG4701\Labrador_Imgui\src\App.hpp(380,53): warning C4100: 'key': unreferenced formal parameter
  (compiling source file 'src/main.cpp')
  
C:\University_offline\ENG4701\Repo\LabradorENG4701\Labrador_Imgui\src\App.hpp(380,41): warning C4100: 'window': unreferenced formal parameter
  (compiling source file 'src/main.cpp')
  
C:\University_offline\ENG4701\Repo\LabradorENG4701\Labrador_Imgui\src\AppBase.hpp(197,33): warning C4305: 'argument': truncation from 'double' to 'float'
  (compiling source file 'src/main.cpp')
  C:\University_offline\ENG4701\Repo\LabradorENG4701\Labrador_Imgui\src\AppBase.hpp(197,33):
  the template instantiation context (the oldest one first) is
  	C:\University_offline\ENG4701\Repo\LabradorENG4701\Labrador_Imgui\src\App.hpp(25,20):
  	see reference to class template instantiation 'AppBase<App>' being compiled
  	C:\University_offline\ENG4701\Repo\LabradorENG4701\Labrador_Imgui\src\AppBase.hpp(82,5):
  	while compiling class template member function 'AppBase<App>::AppBase(void)'
  		C:\University_offline\ENG4701\Repo\LabradorENG4701\Labrador_Imgui\src\App.hpp(28,8):
  		see the first reference to 'AppBase<App>::AppBase' in 'App::App'
  
  Labrador_Imgui.vcxproj -> C:\University_offline\ENG4701\Repo\LabradorENG4701\Labrador_Imgui\Debug\Labrador_Imgui.exe
