c:\users\jdar0011\source\repos\labradoreng4701\labrador_imgui\debug\imgui.obj
c:\users\jdar0011\source\repos\labradoreng4701\labrador_imgui\debug\imgui_demo.obj
c:\users\jdar0011\source\repos\labradoreng4701\labrador_imgui\debug\imgui_draw.obj
c:\users\jdar0011\source\repos\labradoreng4701\labrador_imgui\debug\imgui_impl_glfw.obj
c:\users\jdar0011\source\repos\labradoreng4701\labrador_imgui\debug\imgui_impl_opengl3.obj
c:\users\jdar0011\source\repos\labradoreng4701\labrador_imgui\debug\imgui_tables.obj
c:\users\jdar0011\source\repos\labradoreng4701\labrador_imgui\debug\imgui_widgets.obj
c:\users\jdar0011\source\repos\labradoreng4701\labrador_imgui\debug\implot.obj
c:\users\jdar0011\source\repos\labradoreng4701\labrador_imgui\debug\implot_demo.obj
c:\users\jdar0011\source\repos\labradoreng4701\labrador_imgui\debug\implot_items.obj
c:\users\jdar0011\source\repos\labradoreng4701\labrador_imgui\debug\librador.obj
c:\users\jdar0011\source\repos\labradoreng4701\labrador_imgui\debug\o1buffer.obj
c:\users\jdar0011\source\repos\labradoreng4701\labrador_imgui\debug\uicomponents.obj
c:\users\jdar0011\source\repos\labradoreng4701\labrador_imgui\debug\usbcallhandler.obj
c:\users\jdar0011\source\repos\labradoreng4701\labrador_imgui\debug\util.obj
c:\users\jdar0011\source\repos\labradoreng4701\labrador_imgui\debug\vc142.idb
c:\users\jdar0011\source\repos\labradoreng4701\labrador_imgui\debug\imgui.xdc
c:\users\jdar0011\source\repos\labradoreng4701\labrador_imgui\debug\imgui_demo.xdc
c:\users\jdar0011\source\repos\labradoreng4701\labrador_imgui\debug\imgui_draw.xdc
c:\users\jdar0011\source\repos\labradoreng4701\labrador_imgui\debug\imgui_impl_glfw.xdc
c:\users\jdar0011\source\repos\labradoreng4701\labrador_imgui\debug\imgui_impl_opengl3.xdc
c:\users\jdar0011\source\repos\labradoreng4701\labrador_imgui\debug\imgui_tables.xdc
c:\users\jdar0011\source\repos\labradoreng4701\labrador_imgui\debug\imgui_widgets.xdc
c:\users\jdar0011\source\repos\labradoreng4701\labrador_imgui\debug\implot.xdc
c:\users\jdar0011\source\repos\labradoreng4701\labrador_imgui\debug\implot_demo.xdc
c:\users\jdar0011\source\repos\labradoreng4701\labrador_imgui\debug\implot_items.xdc
c:\users\jdar0011\source\repos\labradoreng4701\labrador_imgui\debug\librador.xdc
c:\users\jdar0011\source\repos\labradoreng4701\labrador_imgui\debug\o1buffer.xdc
c:\users\jdar0011\source\repos\labradoreng4701\labrador_imgui\debug\uicomponents.xdc
c:\users\jdar0011\source\repos\labradoreng4701\labrador_imgui\debug\usbcallhandler.xdc
c:\users\jdar0011\source\repos\labradoreng4701\labrador_imgui\debug\util.xdc
c:\users\jdar0011\source\repos\labradoreng4701\labrador_imgui\debug\vc142.pdb
c:\users\jdar0011\source\repos\labradoreng4701\labrador_imgui\debug\labrador_imgui.tlog\cl.command.1.tlog
