  main.cpp
C:\Users\David\OneDrive\Documents\Monash\2024 Semester 1\ENG4701\Labrador2024GUI\main.cpp(86,36): warning C4244: '=': conversion from 'double' to 'float', possible loss of data
C:\Users\David\OneDrive\Documents\Monash\2024 Semester 1\ENG4701\Labrador2024GUI\main.cpp(87,36): warning C4244: '=': conversion from 'double' to 'float', possible loss of data
C:\Users\David\OneDrive\Documents\Monash\2024 Semester 1\ENG4701\Labrador2024GUI\main.cpp(88,36): warning C4244: '=': conversion from 'double' to 'float', possible loss of data
C:\Users\David\OneDrive\Documents\Monash\2024 Semester 1\ENG4701\Labrador2024GUI\main.cpp(165,115): warning C4244: 'argument': conversion from 'int' to 'float', possible loss of data
C:\Users\David\OneDrive\Documents\Monash\2024 Semester 1\ENG4701\Labrador2024GUI\main.cpp(165,96): warning C4244: 'argument': conversion from 'int' to 'float', possible loss of data
C:\Users\David\OneDrive\Documents\Monash\2024 Semester 1\ENG4701\Labrador2024GUI\main.cpp(168,38): warning C4305: 'argument': truncation from 'double' to 'float'
C:\Users\David\OneDrive\Documents\Monash\2024 Semester 1\ENG4701\Labrador2024GUI\main.cpp(168,33): warning C4305: 'argument': truncation from 'double' to 'float'
C:\Users\David\OneDrive\Documents\Monash\2024 Semester 1\ENG4701\Labrador2024GUI\main.cpp(168,28): warning C4305: 'argument': truncation from 'double' to 'float'
C:\Users\David\OneDrive\Documents\Monash\2024 Semester 1\ENG4701\Labrador2024GUI\main.cpp(168,23): warning C4305: 'argument': truncation from 'double' to 'float'
C:\Users\David\OneDrive\Documents\Monash\2024 Semester 1\ENG4701\Labrador2024GUI\main.cpp(172,38): warning C4305: 'argument': truncation from 'double' to 'float'
C:\Users\David\OneDrive\Documents\Monash\2024 Semester 1\ENG4701\Labrador2024GUI\main.cpp(172,33): warning C4305: 'argument': truncation from 'double' to 'float'
C:\Users\David\OneDrive\Documents\Monash\2024 Semester 1\ENG4701\Labrador2024GUI\main.cpp(172,28): warning C4305: 'argument': truncation from 'double' to 'float'
C:\Users\David\OneDrive\Documents\Monash\2024 Semester 1\ENG4701\Labrador2024GUI\main.cpp(172,23): warning C4305: 'argument': truncation from 'double' to 'float'
C:\Users\David\OneDrive\Documents\Monash\2024 Semester 1\ENG4701\Labrador2024GUI\main.cpp(283,49): warning C4566: character represented by universal-character-name '\u03BC' cannot be represented in the current code page (1252)
C:\Users\David\OneDrive\Documents\Monash\2024 Semester 1\ENG4701\Labrador2024GUI\main.cpp(284,40): warning C4566: character represented by universal-character-name '\u03A9' cannot be represented in the current code page (1252)
C:\Users\David\OneDrive\Documents\Monash\2024 Semester 1\ENG4701\Labrador2024GUI\main.cpp(284,50): warning C4566: character represented by universal-character-name '\u03A9' cannot be represented in the current code page (1252)
C:\Users\David\OneDrive\Documents\Monash\2024 Semester 1\ENG4701\Labrador2024GUI\main.cpp(284,61): warning C4566: character represented by universal-character-name '\u03A9' cannot be represented in the current code page (1252)
C:\Users\David\OneDrive\Documents\Monash\2024 Semester 1\ENG4701\Labrador2024GUI\main.cpp(284,71): warning C4566: character represented by universal-character-name '\u03A9' cannot be represented in the current code page (1252)
C:\Users\David\OneDrive\Documents\Monash\2024 Semester 1\ENG4701\Labrador2024GUI\main.cpp(284,82): warning C4566: character represented by universal-character-name '\u03BC' cannot be represented in the current code page (1252)
C:\Users\David\OneDrive\Documents\Monash\2024 Semester 1\ENG4701\Labrador2024GUI\main.cpp(284,82): warning C4566: character represented by universal-character-name '\u03A9' cannot be represented in the current code page (1252)
LINK : warning LNK4098: defaultlib 'MSVCRTD' conflicts with use of other libs; use /NODEFAULTLIB:library
  Generating code
  0 of 1866 functions ( 0.0%) were compiled, the rest were copied from previous compilation.
    0 functions were new in current compilation
    0 functions had inline decision re-evaluated but remain unchanged
  Finished generating code
  Labrador2024GUI.vcxproj -> C:\Users\David\OneDrive\Documents\Monash\2024 Semester 1\ENG4701\Labrador2024GUI\x64\Release\Labrador2024GUI.exe
