C:\Program Files\Microsoft Visual Studio\2022\Community\MSBuild\Microsoft\VC\v170\Microsoft.CppBuild.targets(531,5): warning MSB8028: The intermediate directory (C:\University_offline\ENG4701\Repo\LabradorENG4701\Labrador_Imgui\examples\Labrador_Imgui\Debug\) contains files shared from another project (example_glfw_opengl3.vcxproj).  This can lead to incorrect clean and rebuild behavior.
  librador.cpp
C:\University_offline\ENG4701\Repo\LabradorENG4701\Librador_API\___librador\librador_shared_library\librador_global.h(7,1): warning C4067: unexpected tokens following preprocessor directive - expected a newline
  (compiling source file '../../../Librador_API/___librador/librador_shared_library/librador.cpp')
  
C:\University_offline\ENG4701\Repo\LabradorENG4701\Librador_API\___librador\librador_shared_library\librador.cpp(78,26): warning C4244: 'initializing': conversion from 'double' to 'int', possible loss of data
C:\University_offline\ENG4701\Repo\LabradorENG4701\Librador_API\___librador\librador_shared_library\librador.cpp(79,23): warning C4244: 'initializing': conversion from 'double' to 'int', possible loss of data
C:\University_offline\ENG4701\Repo\LabradorENG4701\Librador_API\___librador\librador_shared_library\librador.cpp(80,18): warning C4244: 'initializing': conversion from 'double' to 'int', possible loss of data
C:\University_offline\ENG4701\Repo\LabradorENG4701\Librador_API\___librador\librador_shared_library\librador.cpp(96,29): warning C4244: 'initializing': conversion from 'double' to 'int', possible loss of data
C:\University_offline\ENG4701\Repo\LabradorENG4701\Librador_API\___librador\librador_shared_library\librador.cpp(97,26): warning C4244: 'initializing': conversion from 'double' to 'int', possible loss of data
C:\University_offline\ENG4701\Repo\LabradorENG4701\Librador_API\___librador\librador_shared_library\librador.cpp(98,18): warning C4244: 'initializing': conversion from 'double' to 'int', possible loss of data
C:\University_offline\ENG4701\Repo\LabradorENG4701\Librador_API\___librador\librador_shared_library\librador.cpp(117,26): warning C4244: 'initializing': conversion from 'double' to 'int', possible loss of data
C:\University_offline\ENG4701\Repo\LabradorENG4701\Librador_API\___librador\librador_shared_library\librador.cpp(118,29): warning C4244: 'initializing': conversion from 'double' to 'int', possible loss of data
C:\University_offline\ENG4701\Repo\LabradorENG4701\Librador_API\___librador\librador_shared_library\librador.cpp(119,31): warning C4244: 'initializing': conversion from 'double' to 'int', possible loss of data
C:\University_offline\ENG4701\Repo\LabradorENG4701\Librador_API\___librador\librador_shared_library\librador.cpp(187,5): warning C4245: 'return': conversion from 'int' to 'uint16_t', signed/unsigned mismatch
C:\University_offline\ENG4701\Repo\LabradorENG4701\Librador_API\___librador\librador_shared_library\librador.cpp(188,5): warning C4245: 'return': conversion from 'int' to 'uint16_t', signed/unsigned mismatch
C:\University_offline\ENG4701\Repo\LabradorENG4701\Librador_API\___librador\librador_shared_library\librador.cpp(193,5): warning C4245: 'return': conversion from 'int' to 'uint8_t', signed/unsigned mismatch
C:\University_offline\ENG4701\Repo\LabradorENG4701\Librador_API\___librador\librador_shared_library\librador.cpp(193,5): warning C4309: 'return': truncation of constant value
C:\University_offline\ENG4701\Repo\LabradorENG4701\Librador_API\___librador\librador_shared_library\librador.cpp(194,5): warning C4245: 'return': conversion from 'int' to 'uint8_t', signed/unsigned mismatch
C:\University_offline\ENG4701\Repo\LabradorENG4701\Librador_API\___librador\librador_shared_library\librador.cpp(194,5): warning C4309: 'return': truncation of constant value
C:\University_offline\ENG4701\Repo\LabradorENG4701\Librador_API\___librador\librador_shared_library\librador.cpp(200,17): warning C4244: 'return': conversion from 'double' to 'int', possible loss of data
C:\University_offline\ENG4701\Repo\LabradorENG4701\Librador_API\___librador\librador_shared_library\librador.cpp(216,17): warning C4244: 'return': conversion from 'double' to 'unsigned char', possible loss of data
C:\University_offline\ENG4701\Repo\LabradorENG4701\Librador_API\___librador\librador_shared_library\librador.cpp(222,21): warning C4244: 'return': conversion from 'double' to 'unsigned char', possible loss of data
C:\University_offline\ENG4701\Repo\LabradorENG4701\Librador_API\___librador\librador_shared_library\librador.cpp(224,21): warning C4244: 'return': conversion from 'double' to 'unsigned char', possible loss of data
C:\University_offline\ENG4701\Repo\LabradorENG4701\Librador_API\___librador\librador_shared_library\librador.cpp(243,21): warning C4244: 'initializing': conversion from 'double' to 'int', possible loss of data
C:\University_offline\ENG4701\Repo\LabradorENG4701\Librador_API\___librador\librador_shared_library\librador.cpp(327,31): warning C4100: 'userdata': unreferenced formal parameter
  o1buffer.cpp
C:\University_offline\ENG4701\Repo\LabradorENG4701\Librador_API\___librador\librador_shared_library\o1buffer.cpp(226,39): warning C4244: 'argument': conversion from 'double' to 'int', possible loss of data
  Hack here.Do not know why this line works, but it does.
  usbcallhandler.cpp
C:\University_offline\ENG4701\Repo\LabradorENG4701\Librador_API\___librador\librador_shared_library\usbcallhandler.cpp(123,25): warning C4244: '=': conversion from 'int' to 'unsigned char', possible loss of data
C:\University_offline\ENG4701\Repo\LabradorENG4701\Librador_API\___librador\librador_shared_library\usbcallhandler.cpp(281,14): warning C4189: 'counter': local variable is initialized but not referenced
C:\University_offline\ENG4701\Repo\LabradorENG4701\Librador_API\___librador\librador_shared_library\usbcallhandler.cpp(278,14): warning C4189: 'trfcnt1': local variable is initialized but not referenced
C:\University_offline\ENG4701\Repo\LabradorENG4701\Librador_API\___librador\librador_shared_library\usbcallhandler.cpp(282,14): warning C4189: 'dma_ch0_cnt': local variable is initialized but not referenced
C:\University_offline\ENG4701\Repo\LabradorENG4701\Librador_API\___librador\librador_shared_library\usbcallhandler.cpp(277,14): warning C4189: 'trfcnt0': local variable is initialized but not referenced
C:\University_offline\ENG4701\Repo\LabradorENG4701\Librador_API\___librador\librador_shared_library\usbcallhandler.cpp(279,14): warning C4189: 'medianTrfcnt': local variable is initialized but not referenced
C:\University_offline\ENG4701\Repo\LabradorENG4701\Librador_API\___librador\librador_shared_library\usbcallhandler.cpp(283,14): warning C4189: 'dma_ch1_cnt': local variable is initialized but not referenced
C:\University_offline\ENG4701\Repo\LabradorENG4701\Librador_API\___librador\librador_shared_library\usbcallhandler.cpp(280,14): warning C4189: 'outOfRange': local variable is initialized but not referenced
C:\University_offline\ENG4701\Repo\LabradorENG4701\Librador_API\___librador\librador_shared_library\usbcallhandler.cpp(385,5): warning C4244: 'argument': conversion from 'int' to 'uint16_t', possible loss of data
C:\University_offline\ENG4701\Repo\LabradorENG4701\Librador_API\___librador\librador_shared_library\usbcallhandler.cpp(414,5): warning C4244: 'argument': conversion from 'int' to 'uint16_t', possible loss of data
C:\University_offline\ENG4701\Repo\LabradorENG4701\Librador_API\___librador\librador_shared_library\usbcallhandler.cpp(484,75): warning C4244: '=': conversion from 'double' to 'uint16_t', possible loss of data
C:\University_offline\ENG4701\Repo\LabradorENG4701\Librador_API\___librador\librador_shared_library\usbcallhandler.cpp(485,52): warning C4244: '=': conversion from 'int' to 'uint8_t', possible loss of data
C:\University_offline\ENG4701\Repo\LabradorENG4701\Librador_API\___librador\librador_shared_library\usbcallhandler.cpp(495,9): warning C4244: 'argument': conversion from 'int' to 'uint16_t', possible loss of data
C:\University_offline\ENG4701\Repo\LabradorENG4701\Librador_API\___librador\librador_shared_library\usbcallhandler.cpp(500,9): warning C4244: 'argument': conversion from 'int' to 'uint16_t', possible loss of data
C:\University_offline\ENG4701\Repo\LabradorENG4701\Librador_API\___librador\librador_shared_library\usbcallhandler.cpp(533,5): warning C4244: 'return': conversion from 'int' to 'uint16_t', possible loss of data
C:\University_offline\ENG4701\Repo\LabradorENG4701\Librador_API\___librador\librador_shared_library\usbcallhandler.cpp(538,5): warning C4244: 'return': conversion from 'int' to 'uint8_t', possible loss of data
  imgui.cpp
  imgui_demo.cpp
  imgui_draw.cpp
  imgui_tables.cpp
  imgui_widgets.cpp
  imgui_impl_glfw.cpp
  imgui_impl_opengl3.cpp
  main.cpp
C:\University_offline\ENG4701\Repo\LabradorENG4701\Librador_API\___librador\librador_shared_library\librador_global.h(7,1): warning C4067: unexpected tokens following preprocessor directive - expected a newline
  (compiling source file 'main.cpp')
  
  Generating Code...
C:\University_offline\ENG4701\Repo\LabradorENG4701\Labrador_Imgui\backends\imgui_impl_opengl3.cpp(928,1): warning C4701: potentially uninitialized local variable 'last_pixel_unpack_buffer' used
  Labrador_Imgui.vcxproj -> C:\University_offline\ENG4701\Repo\LabradorENG4701\Labrador_Imgui\examples\Labrador_Imgui\Debug\Labrador_Imgui.exe
