  librador.cpp
C:\Users\david\OneDrive\Documents\Programming\LabradorENG4701\Librador_API\___librador\librador_shared_library\librador_global.h(7,1): warning C4067: unexpected tokens following preprocessor directive - expected a newline
C:\Users\david\OneDrive\Documents\Programming\LabradorENG4701\Librador_API\___librador\librador_shared_library\usbcallhandler.h(4,10): fatal error C1083: Cannot open include file: 'libusb.h': No such file or directory
  o1buffer.cpp
C:\Users\david\OneDrive\Documents\Programming\LabradorENG4701\Librador_API\___librador\librador_shared_library\o1buffer.cpp(227,39): warning C4244: 'argument': conversion from 'double' to 'int', possible loss of data
  Hack here.Do not know why this line works, but it does.
  usbcallhandler.cpp
C:\Users\david\OneDrive\Documents\Programming\LabradorENG4701\Librador_API\___librador\librador_shared_library\usbcallhandler.h(4,10): fatal error C1083: Cannot open include file: 'libusb.h': No such file or directory
  imgui_impl_glfw.cpp
C:\Users\david\OneDrive\Documents\Programming\LabradorENG4701\Labrador_Imgui\backends\imgui_impl_glfw.cpp(72,10): fatal error C1083: Cannot open include file: 'imgui.h': No such file or directory
  imgui_impl_opengl3.cpp
C:\Users\david\OneDrive\Documents\Programming\LabradorENG4701\Labrador_Imgui\backends\imgui_impl_opengl3.cpp(113,10): fatal error C1083: Cannot open include file: 'imgui.h': No such file or directory
  imgui.cpp
  imgui_demo.cpp
  imgui_draw.cpp
  imgui_tables.cpp
  imgui_widgets.cpp
  implot.cpp
  implot_demo.cpp
  implot_items.cpp
  main.cpp
C:\Users\david\OneDrive\Documents\Programming\LabradorENG4701\Labrador_Imgui\src\AppBase.hpp(2,10): fatal error C1083: Cannot open include file: 'imgui.h': No such file or directory
  UIComponents.hpp
C:\Users\david\OneDrive\Documents\Programming\LabradorENG4701\Labrador_Imgui\src\UIComponents.hpp(4,10): fatal error C1083: Cannot open include file: 'imgui.h': No such file or directory
  util.cpp
C:\Users\david\OneDrive\Documents\Programming\LabradorENG4701\Labrador_Imgui\src\util.h(5,10): fatal error C1083: Cannot open include file: 'imgui.h': No such file or directory
