c:\university_offline\eng4701\repo\labradoreng4701\labrador2024gui\labrador2024gui\x64\debug\vc143.pdb
c:\university_offline\eng4701\repo\labradoreng4701\labrador2024gui\labrador2024gui\x64\debug\vc143.idb
c:\university_offline\eng4701\repo\labradoreng4701\labrador2024gui\labrador2024gui\x64\debug\glad.obj
c:\university_offline\eng4701\repo\labradoreng4701\labrador2024gui\labrador2024gui\x64\debug\main.obj
c:\university_offline\eng4701\repo\labradoreng4701\labrador2024gui\labrador2024gui\x64\debug\imgui_widgets.obj
c:\university_offline\eng4701\repo\labradoreng4701\labrador2024gui\labrador2024gui\x64\debug\imgui_tables.obj
c:\university_offline\eng4701\repo\labradoreng4701\labrador2024gui\labrador2024gui\x64\debug\imgui_impl_opengl3.obj
c:\university_offline\eng4701\repo\labradoreng4701\labrador2024gui\labrador2024gui\x64\debug\imgui_impl_glfw.obj
c:\university_offline\eng4701\repo\labradoreng4701\labrador2024gui\labrador2024gui\x64\debug\imgui_draw.obj
c:\university_offline\eng4701\repo\labradoreng4701\labrador2024gui\labrador2024gui\x64\debug\imgui_demo.obj
c:\university_offline\eng4701\repo\labradoreng4701\labrador2024gui\labrador2024gui\x64\debug\imgui.obj
c:\university_offline\eng4701\repo\labradoreng4701\labrador2024gui\x64\debug\labrador2024gui.exe
c:\university_offline\eng4701\repo\labradoreng4701\labrador2024gui\x64\debug\labrador2024gui.pdb
c:\university_offline\eng4701\repo\labradoreng4701\labrador2024gui\labrador2024gui\x64\debug\labrador2024gui.ilk
c:\university_offline\eng4701\repo\labradoreng4701\labrador2024gui\labrador2024gui\x64\debug\main.obj.enc
c:\university_offline\eng4701\repo\labradoreng4701\labrador2024gui\labrador2024gui\x64\debug\labrador2024gui.tlog\cl.command.1.tlog
c:\university_offline\eng4701\repo\labradoreng4701\labrador2024gui\labrador2024gui\x64\debug\labrador2024gui.tlog\cl.items.tlog
c:\university_offline\eng4701\repo\labradoreng4701\labrador2024gui\labrador2024gui\x64\debug\labrador2024gui.tlog\cl.read.1.tlog
c:\university_offline\eng4701\repo\labradoreng4701\labrador2024gui\labrador2024gui\x64\debug\labrador2024gui.tlog\cl.write.1.tlog
c:\university_offline\eng4701\repo\labradoreng4701\labrador2024gui\labrador2024gui\x64\debug\labrador2024gui.tlog\link.command.1.tlog
c:\university_offline\eng4701\repo\labradoreng4701\labrador2024gui\labrador2024gui\x64\debug\labrador2024gui.tlog\link.read.1.tlog
c:\university_offline\eng4701\repo\labradoreng4701\labrador2024gui\labrador2024gui\x64\debug\labrador2024gui.tlog\link.secondary.1.tlog
c:\university_offline\eng4701\repo\labradoreng4701\labrador2024gui\labrador2024gui\x64\debug\labrador2024gui.tlog\link.write.1.tlog
